<?xml version="1.0" encoding="UTF-8"?>
<!-- Generated by org.testng.reporters.JUnitReportReporter -->
<testsuite hostname="OND2C00873265" name="edu.reporter.NewTestTwo" tests="1" failures="0" timestamp="21 Apr 2016 15:32:14 GMT" time="0.016" errors="0">
  <testcase name="TestThree" time="0.016" classname="edu.reporter.NewTestTwo"/>
</testsuite> <!-- edu.reporter.NewTestTwo -->
